ERROR - 2025-12-11 05:52:09 --> mysqli_sql_exception: Table 'courses' already exists in C:\xampp\htdocs\ITE311-ALCAYDE\system\Database\MySQLi\Connection.php:327
Stack trace:
#0 C:\xampp\htdocs\ITE311-ALCAYDE\system\Database\MySQLi\Connection.php(327): mysqli->query('CREATE TABLE `c...', 0)
#1 C:\xampp\htdocs\ITE311-ALCAYDE\system\Database\BaseConnection.php(729): CodeIgniter\Database\MySQLi\Connection->execute('CREATE TABLE `c...')
#2 C:\xampp\htdocs\ITE311-ALCAYDE\system\Database\BaseConnection.php(646): CodeIgniter\Database\BaseConnection->simpleQuery('CREATE TABLE `c...')
#3 C:\xampp\htdocs\ITE311-ALCAYDE\system\Database\Forge.php(570): CodeIgniter\Database\BaseConnection->query('CREATE TABLE `c...')
#4 C:\xampp\htdocs\ITE311-ALCAYDE\app\Database\Migrations\2025-12-09-083820_CreateCoursesTable.php(39): CodeIgniter\Database\Forge->createTable('courses')
#5 C:\xampp\htdocs\ITE311-ALCAYDE\system\Database\MigrationRunner.php(876): App\Database\Migrations\CreateCoursesTable->up()
#6 C:\xampp\htdocs\ITE311-ALCAYDE\system\Database\MigrationRunner.php(182): CodeIgniter\Database\MigrationRunner->migrate('up', Object(stdClass))
#7 C:\xampp\htdocs\ITE311-ALCAYDE\system\Commands\Database\Migrate.php(85): CodeIgniter\Database\MigrationRunner->latest(NULL)
#8 C:\xampp\htdocs\ITE311-ALCAYDE\system\CLI\Commands.php(74): CodeIgniter\Commands\Database\Migrate->run(Array)
#9 C:\xampp\htdocs\ITE311-ALCAYDE\system\CLI\Console.php(47): CodeIgniter\CLI\Commands->run('migrate', Array)
#10 C:\xampp\htdocs\ITE311-ALCAYDE\system\Boot.php(388): CodeIgniter\CLI\Console->run()
#11 C:\xampp\htdocs\ITE311-ALCAYDE\system\Boot.php(133): CodeIgniter\Boot::runCommand(Object(CodeIgniter\CLI\Console))
#12 C:\xampp\htdocs\ITE311-ALCAYDE\spark(87): CodeIgniter\Boot::bootSpark(Object(Config\Paths))
#13 {main}
DEBUG - 2025-12-11 06:14:18 --> Session: Class initialized using 'CodeIgniter\Session\Handlers\FileHandler' driver.
DEBUG - 2025-12-11 06:14:19 --> Session: Class initialized using 'CodeIgniter\Session\Handlers\FileHandler' driver.
INFO - 2025-12-11 06:14:26 --> CSRF token verified.
DEBUG - 2025-12-11 06:14:26 --> Session: Class initialized using 'CodeIgniter\Session\Handlers\FileHandler' driver.
DEBUG - 2025-12-11 06:14:27 --> Session: Class initialized using 'CodeIgniter\Session\Handlers\FileHandler' driver.
DEBUG - 2025-12-11 06:16:43 --> Session: Class initialized using 'CodeIgniter\Session\Handlers\FileHandler' driver.
DEBUG - 2025-12-11 06:16:43 --> Session: Class initialized using 'CodeIgniter\Session\Handlers\FileHandler' driver.
INFO - 2025-12-11 06:17:02 --> CSRF token verified.
DEBUG - 2025-12-11 06:17:02 --> Session: Class initialized using 'CodeIgniter\Session\Handlers\FileHandler' driver.
DEBUG - 2025-12-11 06:17:02 --> Session: Class initialized using 'CodeIgniter\Session\Handlers\FileHandler' driver.
DEBUG - 2025-12-11 06:50:54 --> Session: Class initialized using 'CodeIgniter\Session\Handlers\FileHandler' driver.
DEBUG - 2025-12-11 06:54:06 --> Session: Class initialized using 'CodeIgniter\Session\Handlers\FileHandler' driver.
DEBUG - 2025-12-11 06:54:10 --> Session: Class initialized using 'CodeIgniter\Session\Handlers\FileHandler' driver.
DEBUG - 2025-12-11 07:01:44 --> Session: Class initialized using 'CodeIgniter\Session\Handlers\FileHandler' driver.
DEBUG - 2025-12-11 07:01:46 --> Session: Class initialized using 'CodeIgniter\Session\Handlers\FileHandler' driver.
DEBUG - 2025-12-11 07:01:53 --> Session: Class initialized using 'CodeIgniter\Session\Handlers\FileHandler' driver.
DEBUG - 2025-12-11 07:01:57 --> Session: Class initialized using 'CodeIgniter\Session\Handlers\FileHandler' driver.
DEBUG - 2025-12-11 07:01:59 --> Session: Class initialized using 'CodeIgniter\Session\Handlers\FileHandler' driver.
DEBUG - 2025-12-11 07:02:03 --> Session: Class initialized using 'CodeIgniter\Session\Handlers\FileHandler' driver.
DEBUG - 2025-12-11 07:02:21 --> Session: Class initialized using 'CodeIgniter\Session\Handlers\FileHandler' driver.
DEBUG - 2025-12-11 07:02:25 --> Session: Class initialized using 'CodeIgniter\Session\Handlers\FileHandler' driver.
DEBUG - 2025-12-11 07:02:27 --> Session: Class initialized using 'CodeIgniter\Session\Handlers\FileHandler' driver.
CRITICAL - 2025-12-11 07:02:27 --> CodeIgniter\View\Exceptions\ViewException: Invalid file: "materials/upload.php"
[Method: GET, Route: teacher/course]
in SYSTEMPATH\Exceptions\FrameworkException.php on line 39.
 1 SYSTEMPATH\View\View.php(214): CodeIgniter\Exceptions\FrameworkException::forInvalidFile('materials/upload.php')
 2 SYSTEMPATH\Common.php(1167): CodeIgniter\View\View->render('materials/upload', [], true)
 3 APPPATH\Controllers\Materials.php(43): view('materials/upload', [])
 4 SYSTEMPATH\CodeIgniter.php(933): App\Controllers\Materials->upload('$1')
 5 SYSTEMPATH\CodeIgniter.php(507): CodeIgniter\CodeIgniter->runController(Object(App\Controllers\Materials))
 6 SYSTEMPATH\CodeIgniter.php(354): CodeIgniter\CodeIgniter->handleRequest(null, Object(Config\Cache), false)
 7 SYSTEMPATH\Boot.php(363): CodeIgniter\CodeIgniter->run()
 8 SYSTEMPATH\Boot.php(68): CodeIgniter\Boot::runCodeIgniter(Object(CodeIgniter\CodeIgniter))
 9 FCPATH\index.php(60): CodeIgniter\Boot::bootWeb(Object(Config\Paths))
DEBUG - 2025-12-11 07:03:08 --> Session: Class initialized using 'CodeIgniter\Session\Handlers\FileHandler' driver.
DEBUG - 2025-12-11 07:05:52 --> Session: Class initialized using 'CodeIgniter\Session\Handlers\FileHandler' driver.
DEBUG - 2025-12-11 07:05:59 --> Session: Class initialized using 'CodeIgniter\Session\Handlers\FileHandler' driver.
DEBUG - 2025-12-11 07:06:01 --> Session: Class initialized using 'CodeIgniter\Session\Handlers\FileHandler' driver.
DEBUG - 2025-12-11 07:06:30 --> Session: Class initialized using 'CodeIgniter\Session\Handlers\FileHandler' driver.
DEBUG - 2025-12-11 07:07:13 --> Session: Class initialized using 'CodeIgniter\Session\Handlers\FileHandler' driver.
DEBUG - 2025-12-11 07:07:13 --> Session: Class initialized using 'CodeIgniter\Session\Handlers\FileHandler' driver.
DEBUG - 2025-12-11 07:07:15 --> Session: Class initialized using 'CodeIgniter\Session\Handlers\FileHandler' driver.
DEBUG - 2025-12-11 07:07:47 --> Session: Class initialized using 'CodeIgniter\Session\Handlers\FileHandler' driver.
DEBUG - 2025-12-11 07:07:49 --> Session: Class initialized using 'CodeIgniter\Session\Handlers\FileHandler' driver.
INFO - 2025-12-11 07:07:59 --> CSRF token verified.
DEBUG - 2025-12-11 07:07:59 --> Session: Class initialized using 'CodeIgniter\Session\Handlers\FileHandler' driver.
ERROR - 2025-12-11 07:07:59 --> mysqli_sql_exception: Unknown column 'updated_at' in 'field list' in C:\xampp\htdocs\ITE311-ALCAYDE\system\Database\MySQLi\Connection.php:327
Stack trace:
#0 C:\xampp\htdocs\ITE311-ALCAYDE\system\Database\MySQLi\Connection.php(327): mysqli->query('INSERT INTO `ma...', 0)
#1 C:\xampp\htdocs\ITE311-ALCAYDE\system\Database\BaseConnection.php(729): CodeIgniter\Database\MySQLi\Connection->execute('INSERT INTO `ma...')
#2 C:\xampp\htdocs\ITE311-ALCAYDE\system\Database\BaseConnection.php(646): CodeIgniter\Database\BaseConnection->simpleQuery('INSERT INTO `ma...')
#3 C:\xampp\htdocs\ITE311-ALCAYDE\system\Database\BaseBuilder.php(2345): CodeIgniter\Database\BaseConnection->query('INSERT INTO `ma...', Array, false)
#4 C:\xampp\htdocs\ITE311-ALCAYDE\system\Model.php(394): CodeIgniter\Database\BaseBuilder->insert()
#5 C:\xampp\htdocs\ITE311-ALCAYDE\system\BaseModel.php(838): CodeIgniter\Model->doInsert(Array)
#6 C:\xampp\htdocs\ITE311-ALCAYDE\system\Model.php(797): CodeIgniter\BaseModel->insert(Array, true)
#7 C:\xampp\htdocs\ITE311-ALCAYDE\app\Models\MaterialModel.php(17): CodeIgniter\Model->insert(Array)
#8 C:\xampp\htdocs\ITE311-ALCAYDE\app\Controllers\Materials.php(30): App\Models\MaterialModel->insertMaterial(Array)
#9 C:\xampp\htdocs\ITE311-ALCAYDE\system\CodeIgniter.php(933): App\Controllers\Materials->upload('$1')
#10 C:\xampp\htdocs\ITE311-ALCAYDE\system\CodeIgniter.php(507): CodeIgniter\CodeIgniter->runController(Object(App\Controllers\Materials))
#11 C:\xampp\htdocs\ITE311-ALCAYDE\system\CodeIgniter.php(354): CodeIgniter\CodeIgniter->handleRequest(NULL, Object(Config\Cache), false)
#12 C:\xampp\htdocs\ITE311-ALCAYDE\system\Boot.php(363): CodeIgniter\CodeIgniter->run()
#13 C:\xampp\htdocs\ITE311-ALCAYDE\system\Boot.php(68): CodeIgniter\Boot::runCodeIgniter(Object(CodeIgniter\CodeIgniter))
#14 C:\xampp\htdocs\ITE311-ALCAYDE\index.php(60): CodeIgniter\Boot::bootWeb(Object(Config\Paths))
#15 {main}
CRITICAL - 2025-12-11 07:07:59 --> CodeIgniter\Database\Exceptions\DatabaseException: Unknown column 'updated_at' in 'field list'
[Method: POST, Route: teacher/course]
in SYSTEMPATH\Database\BaseConnection.php on line 684.
 1 SYSTEMPATH\Database\BaseBuilder.php(2345): CodeIgniter\Database\BaseConnection->query('INSERT INTO `materials` (`course_id`, `file_name`, `file_path`, `created_at`, `updated_at`) VALUES (:course_id:, :file_name:, :file_path:, :created_at:, :updated_at:)', [...], false)
 2 SYSTEMPATH\Model.php(394): CodeIgniter\Database\BaseBuilder->insert()
 3 SYSTEMPATH\BaseModel.php(838): CodeIgniter\Model->doInsert([...])
 4 SYSTEMPATH\Model.php(797): CodeIgniter\BaseModel->insert([...], true)
 5 APPPATH\Models\MaterialModel.php(17): CodeIgniter\Model->insert([...])
 6 APPPATH\Controllers\Materials.php(30): App\Models\MaterialModel->insertMaterial([...])
 7 SYSTEMPATH\CodeIgniter.php(933): App\Controllers\Materials->upload('$1')
 8 SYSTEMPATH\CodeIgniter.php(507): CodeIgniter\CodeIgniter->runController(Object(App\Controllers\Materials))
 9 SYSTEMPATH\CodeIgniter.php(354): CodeIgniter\CodeIgniter->handleRequest(null, Object(Config\Cache), false)
10 SYSTEMPATH\Boot.php(363): CodeIgniter\CodeIgniter->run()
11 SYSTEMPATH\Boot.php(68): CodeIgniter\Boot::runCodeIgniter(Object(CodeIgniter\CodeIgniter))
12 FCPATH\index.php(60): CodeIgniter\Boot::bootWeb(Object(Config\Paths))
CRITICAL - 2025-12-11 07:07:59 --> [Caused by] CodeIgniter\Database\Exceptions\DatabaseException: Unknown column 'updated_at' in 'field list'
in SYSTEMPATH\Database\MySQLi\Connection.php on line 332.
 1 SYSTEMPATH\Database\BaseConnection.php(729): CodeIgniter\Database\MySQLi\Connection->execute('INSERT INTO `materials` (`course_id`, `file_name`, `file_path`, `created_at`, `updated_at`) VALUES (\'$1\', \'Book.xlsx\', \'C:\\\\xampp\\\\htdocs\\\\ITE311-ALCAYDE\\\\writable\\\\uploads/1765436879_6e90df555cacbc944760.xlsx\', \'2025-12-11 07:07:59\', \'2025-12-11 07:07:59\')')
 2 SYSTEMPATH\Database\BaseConnection.php(646): CodeIgniter\Database\BaseConnection->simpleQuery('INSERT INTO `materials` (`course_id`, `file_name`, `file_path`, `created_at`, `updated_at`) VALUES (\'$1\', \'Book.xlsx\', \'C:\\\\xampp\\\\htdocs\\\\ITE311-ALCAYDE\\\\writable\\\\uploads/1765436879_6e90df555cacbc944760.xlsx\', \'2025-12-11 07:07:59\', \'2025-12-11 07:07:59\')')
 3 SYSTEMPATH\Database\BaseBuilder.php(2345): CodeIgniter\Database\BaseConnection->query('INSERT INTO `materials` (`course_id`, `file_name`, `file_path`, `created_at`, `updated_at`) VALUES (:course_id:, :file_name:, :file_path:, :created_at:, :updated_at:)', [...], false)
 4 SYSTEMPATH\Model.php(394): CodeIgniter\Database\BaseBuilder->insert()
 5 SYSTEMPATH\BaseModel.php(838): CodeIgniter\Model->doInsert([...])
 6 SYSTEMPATH\Model.php(797): CodeIgniter\BaseModel->insert([...], true)
 7 APPPATH\Models\MaterialModel.php(17): CodeIgniter\Model->insert([...])
 8 APPPATH\Controllers\Materials.php(30): App\Models\MaterialModel->insertMaterial([...])
 9 SYSTEMPATH\CodeIgniter.php(933): App\Controllers\Materials->upload('$1')
10 SYSTEMPATH\CodeIgniter.php(507): CodeIgniter\CodeIgniter->runController(Object(App\Controllers\Materials))
11 SYSTEMPATH\CodeIgniter.php(354): CodeIgniter\CodeIgniter->handleRequest(null, Object(Config\Cache), false)
12 SYSTEMPATH\Boot.php(363): CodeIgniter\CodeIgniter->run()
13 SYSTEMPATH\Boot.php(68): CodeIgniter\Boot::runCodeIgniter(Object(CodeIgniter\CodeIgniter))
14 FCPATH\index.php(60): CodeIgniter\Boot::bootWeb(Object(Config\Paths))
CRITICAL - 2025-12-11 07:07:59 --> [Caused by] mysqli_sql_exception: Unknown column 'updated_at' in 'field list'
in SYSTEMPATH\Database\MySQLi\Connection.php on line 327.
 1 SYSTEMPATH\Database\MySQLi\Connection.php(327): mysqli->query('INSERT INTO `materials` (`course_id`, `file_name`, `file_path`, `created_at`, `updated_at`) VALUES (\'$1\', \'Book.xlsx\', \'C:\\\\xampp\\\\htdocs\\\\ITE311-ALCAYDE\\\\writable\\\\uploads/1765436879_6e90df555cacbc944760.xlsx\', \'2025-12-11 07:07:59\', \'2025-12-11 07:07:59\')', 0)
 2 SYSTEMPATH\Database\BaseConnection.php(729): CodeIgniter\Database\MySQLi\Connection->execute('INSERT INTO `materials` (`course_id`, `file_name`, `file_path`, `created_at`, `updated_at`) VALUES (\'$1\', \'Book.xlsx\', \'C:\\\\xampp\\\\htdocs\\\\ITE311-ALCAYDE\\\\writable\\\\uploads/1765436879_6e90df555cacbc944760.xlsx\', \'2025-12-11 07:07:59\', \'2025-12-11 07:07:59\')')
 3 SYSTEMPATH\Database\BaseConnection.php(646): CodeIgniter\Database\BaseConnection->simpleQuery('INSERT INTO `materials` (`course_id`, `file_name`, `file_path`, `created_at`, `updated_at`) VALUES (\'$1\', \'Book.xlsx\', \'C:\\\\xampp\\\\htdocs\\\\ITE311-ALCAYDE\\\\writable\\\\uploads/1765436879_6e90df555cacbc944760.xlsx\', \'2025-12-11 07:07:59\', \'2025-12-11 07:07:59\')')
 4 SYSTEMPATH\Database\BaseBuilder.php(2345): CodeIgniter\Database\BaseConnection->query('INSERT INTO `materials` (`course_id`, `file_name`, `file_path`, `created_at`, `updated_at`) VALUES (:course_id:, :file_name:, :file_path:, :created_at:, :updated_at:)', [...], false)
 5 SYSTEMPATH\Model.php(394): CodeIgniter\Database\BaseBuilder->insert()
 6 SYSTEMPATH\BaseModel.php(838): CodeIgniter\Model->doInsert([...])
 7 SYSTEMPATH\Model.php(797): CodeIgniter\BaseModel->insert([...], true)
 8 APPPATH\Models\MaterialModel.php(17): CodeIgniter\Model->insert([...])
 9 APPPATH\Controllers\Materials.php(30): App\Models\MaterialModel->insertMaterial([...])
10 SYSTEMPATH\CodeIgniter.php(933): App\Controllers\Materials->upload('$1')
11 SYSTEMPATH\CodeIgniter.php(507): CodeIgniter\CodeIgniter->runController(Object(App\Controllers\Materials))
12 SYSTEMPATH\CodeIgniter.php(354): CodeIgniter\CodeIgniter->handleRequest(null, Object(Config\Cache), false)
13 SYSTEMPATH\Boot.php(363): CodeIgniter\CodeIgniter->run()
14 SYSTEMPATH\Boot.php(68): CodeIgniter\Boot::runCodeIgniter(Object(CodeIgniter\CodeIgniter))
15 FCPATH\index.php(60): CodeIgniter\Boot::bootWeb(Object(Config\Paths))
DEBUG - 2025-12-11 07:09:09 --> Session: Class initialized using 'CodeIgniter\Session\Handlers\FileHandler' driver.
INFO - 2025-12-11 07:09:44 --> CSRF token verified.
DEBUG - 2025-12-11 07:09:44 --> Session: Class initialized using 'CodeIgniter\Session\Handlers\FileHandler' driver.
ERROR - 2025-12-11 07:09:44 --> mysqli_sql_exception: Unknown column 'updated_at' in 'field list' in C:\xampp\htdocs\ITE311-ALCAYDE\system\Database\MySQLi\Connection.php:327
Stack trace:
#0 C:\xampp\htdocs\ITE311-ALCAYDE\system\Database\MySQLi\Connection.php(327): mysqli->query('INSERT INTO `ma...', 0)
#1 C:\xampp\htdocs\ITE311-ALCAYDE\system\Database\BaseConnection.php(729): CodeIgniter\Database\MySQLi\Connection->execute('INSERT INTO `ma...')
#2 C:\xampp\htdocs\ITE311-ALCAYDE\system\Database\BaseConnection.php(646): CodeIgniter\Database\BaseConnection->simpleQuery('INSERT INTO `ma...')
#3 C:\xampp\htdocs\ITE311-ALCAYDE\system\Database\BaseBuilder.php(2345): CodeIgniter\Database\BaseConnection->query('INSERT INTO `ma...', Array, false)
#4 C:\xampp\htdocs\ITE311-ALCAYDE\system\Model.php(394): CodeIgniter\Database\BaseBuilder->insert()
#5 C:\xampp\htdocs\ITE311-ALCAYDE\system\BaseModel.php(838): CodeIgniter\Model->doInsert(Array)
#6 C:\xampp\htdocs\ITE311-ALCAYDE\system\Model.php(797): CodeIgniter\BaseModel->insert(Array, true)
#7 C:\xampp\htdocs\ITE311-ALCAYDE\app\Models\MaterialModel.php(17): CodeIgniter\Model->insert(Array)
#8 C:\xampp\htdocs\ITE311-ALCAYDE\app\Controllers\Materials.php(30): App\Models\MaterialModel->insertMaterial(Array)
#9 C:\xampp\htdocs\ITE311-ALCAYDE\system\CodeIgniter.php(933): App\Controllers\Materials->upload('$1')
#10 C:\xampp\htdocs\ITE311-ALCAYDE\system\CodeIgniter.php(507): CodeIgniter\CodeIgniter->runController(Object(App\Controllers\Materials))
#11 C:\xampp\htdocs\ITE311-ALCAYDE\system\CodeIgniter.php(354): CodeIgniter\CodeIgniter->handleRequest(NULL, Object(Config\Cache), false)
#12 C:\xampp\htdocs\ITE311-ALCAYDE\system\Boot.php(363): CodeIgniter\CodeIgniter->run()
#13 C:\xampp\htdocs\ITE311-ALCAYDE\system\Boot.php(68): CodeIgniter\Boot::runCodeIgniter(Object(CodeIgniter\CodeIgniter))
#14 C:\xampp\htdocs\ITE311-ALCAYDE\index.php(60): CodeIgniter\Boot::bootWeb(Object(Config\Paths))
#15 {main}
CRITICAL - 2025-12-11 07:09:44 --> CodeIgniter\Database\Exceptions\DatabaseException: Unknown column 'updated_at' in 'field list'
[Method: POST, Route: teacher/course]
in SYSTEMPATH\Database\BaseConnection.php on line 684.
 1 SYSTEMPATH\Database\BaseBuilder.php(2345): CodeIgniter\Database\BaseConnection->query('INSERT INTO `materials` (`course_id`, `file_name`, `file_path`, `created_at`, `updated_at`) VALUES (:course_id:, :file_name:, :file_path:, :created_at:, :updated_at:)', [...], false)
 2 SYSTEMPATH\Model.php(394): CodeIgniter\Database\BaseBuilder->insert()
 3 SYSTEMPATH\BaseModel.php(838): CodeIgniter\Model->doInsert([...])
 4 SYSTEMPATH\Model.php(797): CodeIgniter\BaseModel->insert([...], true)
 5 APPPATH\Models\MaterialModel.php(17): CodeIgniter\Model->insert([...])
 6 APPPATH\Controllers\Materials.php(30): App\Models\MaterialModel->insertMaterial([...])
 7 SYSTEMPATH\CodeIgniter.php(933): App\Controllers\Materials->upload('$1')
 8 SYSTEMPATH\CodeIgniter.php(507): CodeIgniter\CodeIgniter->runController(Object(App\Controllers\Materials))
 9 SYSTEMPATH\CodeIgniter.php(354): CodeIgniter\CodeIgniter->handleRequest(null, Object(Config\Cache), false)
10 SYSTEMPATH\Boot.php(363): CodeIgniter\CodeIgniter->run()
11 SYSTEMPATH\Boot.php(68): CodeIgniter\Boot::runCodeIgniter(Object(CodeIgniter\CodeIgniter))
12 FCPATH\index.php(60): CodeIgniter\Boot::bootWeb(Object(Config\Paths))
CRITICAL - 2025-12-11 07:09:44 --> [Caused by] CodeIgniter\Database\Exceptions\DatabaseException: Unknown column 'updated_at' in 'field list'
in SYSTEMPATH\Database\MySQLi\Connection.php on line 332.
 1 SYSTEMPATH\Database\BaseConnection.php(729): CodeIgniter\Database\MySQLi\Connection->execute('INSERT INTO `materials` (`course_id`, `file_name`, `file_path`, `created_at`, `updated_at`) VALUES (\'$1\', \'Book.xlsx\', \'C:\\\\xampp\\\\htdocs\\\\ITE311-ALCAYDE\\\\writable\\\\uploads/1765436984_ebf7f612d96b43571d6e.xlsx\', \'2025-12-11 07:09:44\', \'2025-12-11 07:09:44\')')
 2 SYSTEMPATH\Database\BaseConnection.php(646): CodeIgniter\Database\BaseConnection->simpleQuery('INSERT INTO `materials` (`course_id`, `file_name`, `file_path`, `created_at`, `updated_at`) VALUES (\'$1\', \'Book.xlsx\', \'C:\\\\xampp\\\\htdocs\\\\ITE311-ALCAYDE\\\\writable\\\\uploads/1765436984_ebf7f612d96b43571d6e.xlsx\', \'2025-12-11 07:09:44\', \'2025-12-11 07:09:44\')')
 3 SYSTEMPATH\Database\BaseBuilder.php(2345): CodeIgniter\Database\BaseConnection->query('INSERT INTO `materials` (`course_id`, `file_name`, `file_path`, `created_at`, `updated_at`) VALUES (:course_id:, :file_name:, :file_path:, :created_at:, :updated_at:)', [...], false)
 4 SYSTEMPATH\Model.php(394): CodeIgniter\Database\BaseBuilder->insert()
 5 SYSTEMPATH\BaseModel.php(838): CodeIgniter\Model->doInsert([...])
 6 SYSTEMPATH\Model.php(797): CodeIgniter\BaseModel->insert([...], true)
 7 APPPATH\Models\MaterialModel.php(17): CodeIgniter\Model->insert([...])
 8 APPPATH\Controllers\Materials.php(30): App\Models\MaterialModel->insertMaterial([...])
 9 SYSTEMPATH\CodeIgniter.php(933): App\Controllers\Materials->upload('$1')
10 SYSTEMPATH\CodeIgniter.php(507): CodeIgniter\CodeIgniter->runController(Object(App\Controllers\Materials))
11 SYSTEMPATH\CodeIgniter.php(354): CodeIgniter\CodeIgniter->handleRequest(null, Object(Config\Cache), false)
12 SYSTEMPATH\Boot.php(363): CodeIgniter\CodeIgniter->run()
13 SYSTEMPATH\Boot.php(68): CodeIgniter\Boot::runCodeIgniter(Object(CodeIgniter\CodeIgniter))
14 FCPATH\index.php(60): CodeIgniter\Boot::bootWeb(Object(Config\Paths))
CRITICAL - 2025-12-11 07:09:44 --> [Caused by] mysqli_sql_exception: Unknown column 'updated_at' in 'field list'
in SYSTEMPATH\Database\MySQLi\Connection.php on line 327.
 1 SYSTEMPATH\Database\MySQLi\Connection.php(327): mysqli->query('INSERT INTO `materials` (`course_id`, `file_name`, `file_path`, `created_at`, `updated_at`) VALUES (\'$1\', \'Book.xlsx\', \'C:\\\\xampp\\\\htdocs\\\\ITE311-ALCAYDE\\\\writable\\\\uploads/1765436984_ebf7f612d96b43571d6e.xlsx\', \'2025-12-11 07:09:44\', \'2025-12-11 07:09:44\')', 0)
 2 SYSTEMPATH\Database\BaseConnection.php(729): CodeIgniter\Database\MySQLi\Connection->execute('INSERT INTO `materials` (`course_id`, `file_name`, `file_path`, `created_at`, `updated_at`) VALUES (\'$1\', \'Book.xlsx\', \'C:\\\\xampp\\\\htdocs\\\\ITE311-ALCAYDE\\\\writable\\\\uploads/1765436984_ebf7f612d96b43571d6e.xlsx\', \'2025-12-11 07:09:44\', \'2025-12-11 07:09:44\')')
 3 SYSTEMPATH\Database\BaseConnection.php(646): CodeIgniter\Database\BaseConnection->simpleQuery('INSERT INTO `materials` (`course_id`, `file_name`, `file_path`, `created_at`, `updated_at`) VALUES (\'$1\', \'Book.xlsx\', \'C:\\\\xampp\\\\htdocs\\\\ITE311-ALCAYDE\\\\writable\\\\uploads/1765436984_ebf7f612d96b43571d6e.xlsx\', \'2025-12-11 07:09:44\', \'2025-12-11 07:09:44\')')
 4 SYSTEMPATH\Database\BaseBuilder.php(2345): CodeIgniter\Database\BaseConnection->query('INSERT INTO `materials` (`course_id`, `file_name`, `file_path`, `created_at`, `updated_at`) VALUES (:course_id:, :file_name:, :file_path:, :created_at:, :updated_at:)', [...], false)
 5 SYSTEMPATH\Model.php(394): CodeIgniter\Database\BaseBuilder->insert()
 6 SYSTEMPATH\BaseModel.php(838): CodeIgniter\Model->doInsert([...])
 7 SYSTEMPATH\Model.php(797): CodeIgniter\BaseModel->insert([...], true)
 8 APPPATH\Models\MaterialModel.php(17): CodeIgniter\Model->insert([...])
 9 APPPATH\Controllers\Materials.php(30): App\Models\MaterialModel->insertMaterial([...])
10 SYSTEMPATH\CodeIgniter.php(933): App\Controllers\Materials->upload('$1')
11 SYSTEMPATH\CodeIgniter.php(507): CodeIgniter\CodeIgniter->runController(Object(App\Controllers\Materials))
12 SYSTEMPATH\CodeIgniter.php(354): CodeIgniter\CodeIgniter->handleRequest(null, Object(Config\Cache), false)
13 SYSTEMPATH\Boot.php(363): CodeIgniter\CodeIgniter->run()
14 SYSTEMPATH\Boot.php(68): CodeIgniter\Boot::runCodeIgniter(Object(CodeIgniter\CodeIgniter))
15 FCPATH\index.php(60): CodeIgniter\Boot::bootWeb(Object(Config\Paths))
DEBUG - 2025-12-11 07:12:00 --> Session: Class initialized using 'CodeIgniter\Session\Handlers\FileHandler' driver.
DEBUG - 2025-12-11 07:12:01 --> Session: Class initialized using 'CodeIgniter\Session\Handlers\FileHandler' driver.
INFO - 2025-12-11 07:12:12 --> CSRF token verified.
DEBUG - 2025-12-11 07:12:12 --> Session: Class initialized using 'CodeIgniter\Session\Handlers\FileHandler' driver.
ERROR - 2025-12-11 07:12:12 --> mysqli_sql_exception: Unknown column 'updated_at' in 'field list' in C:\xampp\htdocs\ITE311-ALCAYDE\system\Database\MySQLi\Connection.php:327
Stack trace:
#0 C:\xampp\htdocs\ITE311-ALCAYDE\system\Database\MySQLi\Connection.php(327): mysqli->query('INSERT INTO `ma...', 0)
#1 C:\xampp\htdocs\ITE311-ALCAYDE\system\Database\BaseConnection.php(729): CodeIgniter\Database\MySQLi\Connection->execute('INSERT INTO `ma...')
#2 C:\xampp\htdocs\ITE311-ALCAYDE\system\Database\BaseConnection.php(646): CodeIgniter\Database\BaseConnection->simpleQuery('INSERT INTO `ma...')
#3 C:\xampp\htdocs\ITE311-ALCAYDE\system\Database\BaseBuilder.php(2345): CodeIgniter\Database\BaseConnection->query('INSERT INTO `ma...', Array, false)
#4 C:\xampp\htdocs\ITE311-ALCAYDE\system\Model.php(394): CodeIgniter\Database\BaseBuilder->insert()
#5 C:\xampp\htdocs\ITE311-ALCAYDE\system\BaseModel.php(838): CodeIgniter\Model->doInsert(Array)
#6 C:\xampp\htdocs\ITE311-ALCAYDE\system\Model.php(797): CodeIgniter\BaseModel->insert(Array, true)
#7 C:\xampp\htdocs\ITE311-ALCAYDE\app\Models\MaterialModel.php(17): CodeIgniter\Model->insert(Array)
#8 C:\xampp\htdocs\ITE311-ALCAYDE\app\Controllers\Materials.php(30): App\Models\MaterialModel->insertMaterial(Array)
#9 C:\xampp\htdocs\ITE311-ALCAYDE\system\CodeIgniter.php(933): App\Controllers\Materials->upload('$1')
#10 C:\xampp\htdocs\ITE311-ALCAYDE\system\CodeIgniter.php(507): CodeIgniter\CodeIgniter->runController(Object(App\Controllers\Materials))
#11 C:\xampp\htdocs\ITE311-ALCAYDE\system\CodeIgniter.php(354): CodeIgniter\CodeIgniter->handleRequest(NULL, Object(Config\Cache), false)
#12 C:\xampp\htdocs\ITE311-ALCAYDE\system\Boot.php(363): CodeIgniter\CodeIgniter->run()
#13 C:\xampp\htdocs\ITE311-ALCAYDE\system\Boot.php(68): CodeIgniter\Boot::runCodeIgniter(Object(CodeIgniter\CodeIgniter))
#14 C:\xampp\htdocs\ITE311-ALCAYDE\index.php(60): CodeIgniter\Boot::bootWeb(Object(Config\Paths))
#15 {main}
CRITICAL - 2025-12-11 07:12:12 --> CodeIgniter\Database\Exceptions\DatabaseException: Unknown column 'updated_at' in 'field list'
[Method: POST, Route: teacher/course]
in SYSTEMPATH\Database\BaseConnection.php on line 684.
 1 SYSTEMPATH\Database\BaseBuilder.php(2345): CodeIgniter\Database\BaseConnection->query('INSERT INTO `materials` (`course_id`, `file_name`, `file_path`, `created_at`, `updated_at`) VALUES (:course_id:, :file_name:, :file_path:, :created_at:, :updated_at:)', [...], false)
 2 SYSTEMPATH\Model.php(394): CodeIgniter\Database\BaseBuilder->insert()
 3 SYSTEMPATH\BaseModel.php(838): CodeIgniter\Model->doInsert([...])
 4 SYSTEMPATH\Model.php(797): CodeIgniter\BaseModel->insert([...], true)
 5 APPPATH\Models\MaterialModel.php(17): CodeIgniter\Model->insert([...])
 6 APPPATH\Controllers\Materials.php(30): App\Models\MaterialModel->insertMaterial([...])
 7 SYSTEMPATH\CodeIgniter.php(933): App\Controllers\Materials->upload('$1')
 8 SYSTEMPATH\CodeIgniter.php(507): CodeIgniter\CodeIgniter->runController(Object(App\Controllers\Materials))
 9 SYSTEMPATH\CodeIgniter.php(354): CodeIgniter\CodeIgniter->handleRequest(null, Object(Config\Cache), false)
10 SYSTEMPATH\Boot.php(363): CodeIgniter\CodeIgniter->run()
11 SYSTEMPATH\Boot.php(68): CodeIgniter\Boot::runCodeIgniter(Object(CodeIgniter\CodeIgniter))
12 FCPATH\index.php(60): CodeIgniter\Boot::bootWeb(Object(Config\Paths))
CRITICAL - 2025-12-11 07:12:12 --> [Caused by] CodeIgniter\Database\Exceptions\DatabaseException: Unknown column 'updated_at' in 'field list'
in SYSTEMPATH\Database\MySQLi\Connection.php on line 332.
 1 SYSTEMPATH\Database\BaseConnection.php(729): CodeIgniter\Database\MySQLi\Connection->execute('INSERT INTO `materials` (`course_id`, `file_name`, `file_path`, `created_at`, `updated_at`) VALUES (\'$1\', \'Document (1) (1).docx\', \'C:\\\\xampp\\\\htdocs\\\\ITE311-ALCAYDE\\\\writable\\\\uploads/1765437132_b0a7cda1e79e4fb40c97.docx\', \'2025-12-11 07:12:12\', \'2025-12-11 07:12:12\')')
 2 SYSTEMPATH\Database\BaseConnection.php(646): CodeIgniter\Database\BaseConnection->simpleQuery('INSERT INTO `materials` (`course_id`, `file_name`, `file_path`, `created_at`, `updated_at`) VALUES (\'$1\', \'Document (1) (1).docx\', \'C:\\\\xampp\\\\htdocs\\\\ITE311-ALCAYDE\\\\writable\\\\uploads/1765437132_b0a7cda1e79e4fb40c97.docx\', \'2025-12-11 07:12:12\', \'2025-12-11 07:12:12\')')
 3 SYSTEMPATH\Database\BaseBuilder.php(2345): CodeIgniter\Database\BaseConnection->query('INSERT INTO `materials` (`course_id`, `file_name`, `file_path`, `created_at`, `updated_at`) VALUES (:course_id:, :file_name:, :file_path:, :created_at:, :updated_at:)', [...], false)
 4 SYSTEMPATH\Model.php(394): CodeIgniter\Database\BaseBuilder->insert()
 5 SYSTEMPATH\BaseModel.php(838): CodeIgniter\Model->doInsert([...])
 6 SYSTEMPATH\Model.php(797): CodeIgniter\BaseModel->insert([...], true)
 7 APPPATH\Models\MaterialModel.php(17): CodeIgniter\Model->insert([...])
 8 APPPATH\Controllers\Materials.php(30): App\Models\MaterialModel->insertMaterial([...])
 9 SYSTEMPATH\CodeIgniter.php(933): App\Controllers\Materials->upload('$1')
10 SYSTEMPATH\CodeIgniter.php(507): CodeIgniter\CodeIgniter->runController(Object(App\Controllers\Materials))
11 SYSTEMPATH\CodeIgniter.php(354): CodeIgniter\CodeIgniter->handleRequest(null, Object(Config\Cache), false)
12 SYSTEMPATH\Boot.php(363): CodeIgniter\CodeIgniter->run()
13 SYSTEMPATH\Boot.php(68): CodeIgniter\Boot::runCodeIgniter(Object(CodeIgniter\CodeIgniter))
14 FCPATH\index.php(60): CodeIgniter\Boot::bootWeb(Object(Config\Paths))
CRITICAL - 2025-12-11 07:12:12 --> [Caused by] mysqli_sql_exception: Unknown column 'updated_at' in 'field list'
in SYSTEMPATH\Database\MySQLi\Connection.php on line 327.
 1 SYSTEMPATH\Database\MySQLi\Connection.php(327): mysqli->query('INSERT INTO `materials` (`course_id`, `file_name`, `file_path`, `created_at`, `updated_at`) VALUES (\'$1\', \'Document (1) (1).docx\', \'C:\\\\xampp\\\\htdocs\\\\ITE311-ALCAYDE\\\\writable\\\\uploads/1765437132_b0a7cda1e79e4fb40c97.docx\', \'2025-12-11 07:12:12\', \'2025-12-11 07:12:12\')', 0)
 2 SYSTEMPATH\Database\BaseConnection.php(729): CodeIgniter\Database\MySQLi\Connection->execute('INSERT INTO `materials` (`course_id`, `file_name`, `file_path`, `created_at`, `updated_at`) VALUES (\'$1\', \'Document (1) (1).docx\', \'C:\\\\xampp\\\\htdocs\\\\ITE311-ALCAYDE\\\\writable\\\\uploads/1765437132_b0a7cda1e79e4fb40c97.docx\', \'2025-12-11 07:12:12\', \'2025-12-11 07:12:12\')')
 3 SYSTEMPATH\Database\BaseConnection.php(646): CodeIgniter\Database\BaseConnection->simpleQuery('INSERT INTO `materials` (`course_id`, `file_name`, `file_path`, `created_at`, `updated_at`) VALUES (\'$1\', \'Document (1) (1).docx\', \'C:\\\\xampp\\\\htdocs\\\\ITE311-ALCAYDE\\\\writable\\\\uploads/1765437132_b0a7cda1e79e4fb40c97.docx\', \'2025-12-11 07:12:12\', \'2025-12-11 07:12:12\')')
 4 SYSTEMPATH\Database\BaseBuilder.php(2345): CodeIgniter\Database\BaseConnection->query('INSERT INTO `materials` (`course_id`, `file_name`, `file_path`, `created_at`, `updated_at`) VALUES (:course_id:, :file_name:, :file_path:, :created_at:, :updated_at:)', [...], false)
 5 SYSTEMPATH\Model.php(394): CodeIgniter\Database\BaseBuilder->insert()
 6 SYSTEMPATH\BaseModel.php(838): CodeIgniter\Model->doInsert([...])
 7 SYSTEMPATH\Model.php(797): CodeIgniter\BaseModel->insert([...], true)
 8 APPPATH\Models\MaterialModel.php(17): CodeIgniter\Model->insert([...])
 9 APPPATH\Controllers\Materials.php(30): App\Models\MaterialModel->insertMaterial([...])
10 SYSTEMPATH\CodeIgniter.php(933): App\Controllers\Materials->upload('$1')
11 SYSTEMPATH\CodeIgniter.php(507): CodeIgniter\CodeIgniter->runController(Object(App\Controllers\Materials))
12 SYSTEMPATH\CodeIgniter.php(354): CodeIgniter\CodeIgniter->handleRequest(null, Object(Config\Cache), false)
13 SYSTEMPATH\Boot.php(363): CodeIgniter\CodeIgniter->run()
14 SYSTEMPATH\Boot.php(68): CodeIgniter\Boot::runCodeIgniter(Object(CodeIgniter\CodeIgniter))
15 FCPATH\index.php(60): CodeIgniter\Boot::bootWeb(Object(Config\Paths))
DEBUG - 2025-12-11 07:17:46 --> Session: Class initialized using 'CodeIgniter\Session\Handlers\FileHandler' driver.
DEBUG - 2025-12-11 07:17:50 --> Session: Class initialized using 'CodeIgniter\Session\Handlers\FileHandler' driver.
INFO - 2025-12-11 07:18:01 --> CSRF token verified.
DEBUG - 2025-12-11 07:18:02 --> Session: Class initialized using 'CodeIgniter\Session\Handlers\FileHandler' driver.
ERROR - 2025-12-11 07:18:02 --> mysqli_sql_exception: Cannot add or update a child row: a foreign key constraint fails (`lms_alcayde`.`materials`, CONSTRAINT `materials_ibfk_1` FOREIGN KEY (`course_id`) REFERENCES `courses` (`id`)) in C:\xampp\htdocs\ITE311-ALCAYDE\system\Database\MySQLi\Connection.php:327
Stack trace:
#0 C:\xampp\htdocs\ITE311-ALCAYDE\system\Database\MySQLi\Connection.php(327): mysqli->query('INSERT INTO `ma...', 0)
#1 C:\xampp\htdocs\ITE311-ALCAYDE\system\Database\BaseConnection.php(729): CodeIgniter\Database\MySQLi\Connection->execute('INSERT INTO `ma...')
#2 C:\xampp\htdocs\ITE311-ALCAYDE\system\Database\BaseConnection.php(646): CodeIgniter\Database\BaseConnection->simpleQuery('INSERT INTO `ma...')
#3 C:\xampp\htdocs\ITE311-ALCAYDE\system\Database\BaseBuilder.php(2345): CodeIgniter\Database\BaseConnection->query('INSERT INTO `ma...', Array, false)
#4 C:\xampp\htdocs\ITE311-ALCAYDE\system\Model.php(394): CodeIgniter\Database\BaseBuilder->insert()
#5 C:\xampp\htdocs\ITE311-ALCAYDE\system\BaseModel.php(838): CodeIgniter\Model->doInsert(Array)
#6 C:\xampp\htdocs\ITE311-ALCAYDE\system\Model.php(797): CodeIgniter\BaseModel->insert(Array, true)
#7 C:\xampp\htdocs\ITE311-ALCAYDE\app\Models\MaterialModel.php(16): CodeIgniter\Model->insert(Array)
#8 C:\xampp\htdocs\ITE311-ALCAYDE\app\Controllers\Materials.php(30): App\Models\MaterialModel->insertMaterial(Array)
#9 C:\xampp\htdocs\ITE311-ALCAYDE\system\CodeIgniter.php(933): App\Controllers\Materials->upload('$1')
#10 C:\xampp\htdocs\ITE311-ALCAYDE\system\CodeIgniter.php(507): CodeIgniter\CodeIgniter->runController(Object(App\Controllers\Materials))
#11 C:\xampp\htdocs\ITE311-ALCAYDE\system\CodeIgniter.php(354): CodeIgniter\CodeIgniter->handleRequest(NULL, Object(Config\Cache), false)
#12 C:\xampp\htdocs\ITE311-ALCAYDE\system\Boot.php(363): CodeIgniter\CodeIgniter->run()
#13 C:\xampp\htdocs\ITE311-ALCAYDE\system\Boot.php(68): CodeIgniter\Boot::runCodeIgniter(Object(CodeIgniter\CodeIgniter))
#14 C:\xampp\htdocs\ITE311-ALCAYDE\index.php(60): CodeIgniter\Boot::bootWeb(Object(Config\Paths))
#15 {main}
CRITICAL - 2025-12-11 07:18:02 --> CodeIgniter\Database\Exceptions\DatabaseException: Cannot add or update a child row: a foreign key constraint fails (`lms_alcayde`.`materials`, CONSTRAINT `materials_ibfk_1` FOREIGN KEY (`course_id`) REFERENCES `courses` (`id`))
[Method: POST, Route: teacher/course]
in SYSTEMPATH\Database\BaseConnection.php on line 684.
 1 SYSTEMPATH\Database\BaseBuilder.php(2345): CodeIgniter\Database\BaseConnection->query('INSERT INTO `materials` (`course_id`, `file_name`, `file_path`) VALUES (:course_id:, :file_name:, :file_path:)', [...], false)
 2 SYSTEMPATH\Model.php(394): CodeIgniter\Database\BaseBuilder->insert()
 3 SYSTEMPATH\BaseModel.php(838): CodeIgniter\Model->doInsert([...])
 4 SYSTEMPATH\Model.php(797): CodeIgniter\BaseModel->insert([...], true)
 5 APPPATH\Models\MaterialModel.php(16): CodeIgniter\Model->insert([...])
 6 APPPATH\Controllers\Materials.php(30): App\Models\MaterialModel->insertMaterial([...])
 7 SYSTEMPATH\CodeIgniter.php(933): App\Controllers\Materials->upload('$1')
 8 SYSTEMPATH\CodeIgniter.php(507): CodeIgniter\CodeIgniter->runController(Object(App\Controllers\Materials))
 9 SYSTEMPATH\CodeIgniter.php(354): CodeIgniter\CodeIgniter->handleRequest(null, Object(Config\Cache), false)
10 SYSTEMPATH\Boot.php(363): CodeIgniter\CodeIgniter->run()
11 SYSTEMPATH\Boot.php(68): CodeIgniter\Boot::runCodeIgniter(Object(CodeIgniter\CodeIgniter))
12 FCPATH\index.php(60): CodeIgniter\Boot::bootWeb(Object(Config\Paths))
CRITICAL - 2025-12-11 07:18:02 --> [Caused by] CodeIgniter\Database\Exceptions\DatabaseException: Cannot add or update a child row: a foreign key constraint fails (`lms_alcayde`.`materials`, CONSTRAINT `materials_ibfk_1` FOREIGN KEY (`course_id`) REFERENCES `courses` (`id`))
in SYSTEMPATH\Database\MySQLi\Connection.php on line 332.
 1 SYSTEMPATH\Database\BaseConnection.php(729): CodeIgniter\Database\MySQLi\Connection->execute('INSERT INTO `materials` (`course_id`, `file_name`, `file_path`) VALUES (\'$1\', \'Document (1) (1).docx\', \'C:\\\\xampp\\\\htdocs\\\\ITE311-ALCAYDE\\\\writable\\\\uploads/1765437482_afc955012c1eb8b1fca0.docx\')')
 2 SYSTEMPATH\Database\BaseConnection.php(646): CodeIgniter\Database\BaseConnection->simpleQuery('INSERT INTO `materials` (`course_id`, `file_name`, `file_path`) VALUES (\'$1\', \'Document (1) (1).docx\', \'C:\\\\xampp\\\\htdocs\\\\ITE311-ALCAYDE\\\\writable\\\\uploads/1765437482_afc955012c1eb8b1fca0.docx\')')
 3 SYSTEMPATH\Database\BaseBuilder.php(2345): CodeIgniter\Database\BaseConnection->query('INSERT INTO `materials` (`course_id`, `file_name`, `file_path`) VALUES (:course_id:, :file_name:, :file_path:)', [...], false)
 4 SYSTEMPATH\Model.php(394): CodeIgniter\Database\BaseBuilder->insert()
 5 SYSTEMPATH\BaseModel.php(838): CodeIgniter\Model->doInsert([...])
 6 SYSTEMPATH\Model.php(797): CodeIgniter\BaseModel->insert([...], true)
 7 APPPATH\Models\MaterialModel.php(16): CodeIgniter\Model->insert([...])
 8 APPPATH\Controllers\Materials.php(30): App\Models\MaterialModel->insertMaterial([...])
 9 SYSTEMPATH\CodeIgniter.php(933): App\Controllers\Materials->upload('$1')
10 SYSTEMPATH\CodeIgniter.php(507): CodeIgniter\CodeIgniter->runController(Object(App\Controllers\Materials))
11 SYSTEMPATH\CodeIgniter.php(354): CodeIgniter\CodeIgniter->handleRequest(null, Object(Config\Cache), false)
12 SYSTEMPATH\Boot.php(363): CodeIgniter\CodeIgniter->run()
13 SYSTEMPATH\Boot.php(68): CodeIgniter\Boot::runCodeIgniter(Object(CodeIgniter\CodeIgniter))
14 FCPATH\index.php(60): CodeIgniter\Boot::bootWeb(Object(Config\Paths))
CRITICAL - 2025-12-11 07:18:02 --> [Caused by] mysqli_sql_exception: Cannot add or update a child row: a foreign key constraint fails (`lms_alcayde`.`materials`, CONSTRAINT `materials_ibfk_1` FOREIGN KEY (`course_id`) REFERENCES `courses` (`id`))
in SYSTEMPATH\Database\MySQLi\Connection.php on line 327.
 1 SYSTEMPATH\Database\MySQLi\Connection.php(327): mysqli->query('INSERT INTO `materials` (`course_id`, `file_name`, `file_path`) VALUES (\'$1\', \'Document (1) (1).docx\', \'C:\\\\xampp\\\\htdocs\\\\ITE311-ALCAYDE\\\\writable\\\\uploads/1765437482_afc955012c1eb8b1fca0.docx\')', 0)
 2 SYSTEMPATH\Database\BaseConnection.php(729): CodeIgniter\Database\MySQLi\Connection->execute('INSERT INTO `materials` (`course_id`, `file_name`, `file_path`) VALUES (\'$1\', \'Document (1) (1).docx\', \'C:\\\\xampp\\\\htdocs\\\\ITE311-ALCAYDE\\\\writable\\\\uploads/1765437482_afc955012c1eb8b1fca0.docx\')')
 3 SYSTEMPATH\Database\BaseConnection.php(646): CodeIgniter\Database\BaseConnection->simpleQuery('INSERT INTO `materials` (`course_id`, `file_name`, `file_path`) VALUES (\'$1\', \'Document (1) (1).docx\', \'C:\\\\xampp\\\\htdocs\\\\ITE311-ALCAYDE\\\\writable\\\\uploads/1765437482_afc955012c1eb8b1fca0.docx\')')
 4 SYSTEMPATH\Database\BaseBuilder.php(2345): CodeIgniter\Database\BaseConnection->query('INSERT INTO `materials` (`course_id`, `file_name`, `file_path`) VALUES (:course_id:, :file_name:, :file_path:)', [...], false)
 5 SYSTEMPATH\Model.php(394): CodeIgniter\Database\BaseBuilder->insert()
 6 SYSTEMPATH\BaseModel.php(838): CodeIgniter\Model->doInsert([...])
 7 SYSTEMPATH\Model.php(797): CodeIgniter\BaseModel->insert([...], true)
 8 APPPATH\Models\MaterialModel.php(16): CodeIgniter\Model->insert([...])
 9 APPPATH\Controllers\Materials.php(30): App\Models\MaterialModel->insertMaterial([...])
10 SYSTEMPATH\CodeIgniter.php(933): App\Controllers\Materials->upload('$1')
11 SYSTEMPATH\CodeIgniter.php(507): CodeIgniter\CodeIgniter->runController(Object(App\Controllers\Materials))
12 SYSTEMPATH\CodeIgniter.php(354): CodeIgniter\CodeIgniter->handleRequest(null, Object(Config\Cache), false)
13 SYSTEMPATH\Boot.php(363): CodeIgniter\CodeIgniter->run()
14 SYSTEMPATH\Boot.php(68): CodeIgniter\Boot::runCodeIgniter(Object(CodeIgniter\CodeIgniter))
15 FCPATH\index.php(60): CodeIgniter\Boot::bootWeb(Object(Config\Paths))
DEBUG - 2025-12-11 07:20:28 --> Session: Class initialized using 'CodeIgniter\Session\Handlers\FileHandler' driver.
INFO - 2025-12-11 07:20:30 --> CSRF token verified.
DEBUG - 2025-12-11 07:20:30 --> Session: Class initialized using 'CodeIgniter\Session\Handlers\FileHandler' driver.
ERROR - 2025-12-11 07:20:30 --> mysqli_sql_exception: Cannot add or update a child row: a foreign key constraint fails (`lms_alcayde`.`materials`, CONSTRAINT `materials_ibfk_1` FOREIGN KEY (`course_id`) REFERENCES `courses` (`id`)) in C:\xampp\htdocs\ITE311-ALCAYDE\system\Database\MySQLi\Connection.php:327
Stack trace:
#0 C:\xampp\htdocs\ITE311-ALCAYDE\system\Database\MySQLi\Connection.php(327): mysqli->query('INSERT INTO `ma...', 0)
#1 C:\xampp\htdocs\ITE311-ALCAYDE\system\Database\BaseConnection.php(729): CodeIgniter\Database\MySQLi\Connection->execute('INSERT INTO `ma...')
#2 C:\xampp\htdocs\ITE311-ALCAYDE\system\Database\BaseConnection.php(646): CodeIgniter\Database\BaseConnection->simpleQuery('INSERT INTO `ma...')
#3 C:\xampp\htdocs\ITE311-ALCAYDE\system\Database\BaseBuilder.php(2345): CodeIgniter\Database\BaseConnection->query('INSERT INTO `ma...', Array, false)
#4 C:\xampp\htdocs\ITE311-ALCAYDE\system\Model.php(394): CodeIgniter\Database\BaseBuilder->insert()
#5 C:\xampp\htdocs\ITE311-ALCAYDE\system\BaseModel.php(838): CodeIgniter\Model->doInsert(Array)
#6 C:\xampp\htdocs\ITE311-ALCAYDE\system\Model.php(797): CodeIgniter\BaseModel->insert(Array, true)
#7 C:\xampp\htdocs\ITE311-ALCAYDE\app\Models\MaterialModel.php(16): CodeIgniter\Model->insert(Array)
#8 C:\xampp\htdocs\ITE311-ALCAYDE\app\Controllers\Materials.php(30): App\Models\MaterialModel->insertMaterial(Array)
#9 C:\xampp\htdocs\ITE311-ALCAYDE\system\CodeIgniter.php(933): App\Controllers\Materials->upload('$1')
#10 C:\xampp\htdocs\ITE311-ALCAYDE\system\CodeIgniter.php(507): CodeIgniter\CodeIgniter->runController(Object(App\Controllers\Materials))
#11 C:\xampp\htdocs\ITE311-ALCAYDE\system\CodeIgniter.php(354): CodeIgniter\CodeIgniter->handleRequest(NULL, Object(Config\Cache), false)
#12 C:\xampp\htdocs\ITE311-ALCAYDE\system\Boot.php(363): CodeIgniter\CodeIgniter->run()
#13 C:\xampp\htdocs\ITE311-ALCAYDE\system\Boot.php(68): CodeIgniter\Boot::runCodeIgniter(Object(CodeIgniter\CodeIgniter))
#14 C:\xampp\htdocs\ITE311-ALCAYDE\index.php(60): CodeIgniter\Boot::bootWeb(Object(Config\Paths))
#15 {main}
CRITICAL - 2025-12-11 07:20:30 --> CodeIgniter\Database\Exceptions\DatabaseException: Cannot add or update a child row: a foreign key constraint fails (`lms_alcayde`.`materials`, CONSTRAINT `materials_ibfk_1` FOREIGN KEY (`course_id`) REFERENCES `courses` (`id`))
[Method: POST, Route: teacher/course]
in SYSTEMPATH\Database\BaseConnection.php on line 684.
 1 SYSTEMPATH\Database\BaseBuilder.php(2345): CodeIgniter\Database\BaseConnection->query('INSERT INTO `materials` (`course_id`, `file_name`, `file_path`) VALUES (:course_id:, :file_name:, :file_path:)', [...], false)
 2 SYSTEMPATH\Model.php(394): CodeIgniter\Database\BaseBuilder->insert()
 3 SYSTEMPATH\BaseModel.php(838): CodeIgniter\Model->doInsert([...])
 4 SYSTEMPATH\Model.php(797): CodeIgniter\BaseModel->insert([...], true)
 5 APPPATH\Models\MaterialModel.php(16): CodeIgniter\Model->insert([...])
 6 APPPATH\Controllers\Materials.php(30): App\Models\MaterialModel->insertMaterial([...])
 7 SYSTEMPATH\CodeIgniter.php(933): App\Controllers\Materials->upload('$1')
 8 SYSTEMPATH\CodeIgniter.php(507): CodeIgniter\CodeIgniter->runController(Object(App\Controllers\Materials))
 9 SYSTEMPATH\CodeIgniter.php(354): CodeIgniter\CodeIgniter->handleRequest(null, Object(Config\Cache), false)
10 SYSTEMPATH\Boot.php(363): CodeIgniter\CodeIgniter->run()
11 SYSTEMPATH\Boot.php(68): CodeIgniter\Boot::runCodeIgniter(Object(CodeIgniter\CodeIgniter))
12 FCPATH\index.php(60): CodeIgniter\Boot::bootWeb(Object(Config\Paths))
CRITICAL - 2025-12-11 07:20:30 --> [Caused by] CodeIgniter\Database\Exceptions\DatabaseException: Cannot add or update a child row: a foreign key constraint fails (`lms_alcayde`.`materials`, CONSTRAINT `materials_ibfk_1` FOREIGN KEY (`course_id`) REFERENCES `courses` (`id`))
in SYSTEMPATH\Database\MySQLi\Connection.php on line 332.
 1 SYSTEMPATH\Database\BaseConnection.php(729): CodeIgniter\Database\MySQLi\Connection->execute('INSERT INTO `materials` (`course_id`, `file_name`, `file_path`) VALUES (\'$1\', \'Document (1) (1).docx\', \'C:\\\\xampp\\\\htdocs\\\\ITE311-ALCAYDE\\\\writable\\\\uploads/1765437630_5f543cb633c15d2105b8.docx\')')
 2 SYSTEMPATH\Database\BaseConnection.php(646): CodeIgniter\Database\BaseConnection->simpleQuery('INSERT INTO `materials` (`course_id`, `file_name`, `file_path`) VALUES (\'$1\', \'Document (1) (1).docx\', \'C:\\\\xampp\\\\htdocs\\\\ITE311-ALCAYDE\\\\writable\\\\uploads/1765437630_5f543cb633c15d2105b8.docx\')')
 3 SYSTEMPATH\Database\BaseBuilder.php(2345): CodeIgniter\Database\BaseConnection->query('INSERT INTO `materials` (`course_id`, `file_name`, `file_path`) VALUES (:course_id:, :file_name:, :file_path:)', [...], false)
 4 SYSTEMPATH\Model.php(394): CodeIgniter\Database\BaseBuilder->insert()
 5 SYSTEMPATH\BaseModel.php(838): CodeIgniter\Model->doInsert([...])
 6 SYSTEMPATH\Model.php(797): CodeIgniter\BaseModel->insert([...], true)
 7 APPPATH\Models\MaterialModel.php(16): CodeIgniter\Model->insert([...])
 8 APPPATH\Controllers\Materials.php(30): App\Models\MaterialModel->insertMaterial([...])
 9 SYSTEMPATH\CodeIgniter.php(933): App\Controllers\Materials->upload('$1')
10 SYSTEMPATH\CodeIgniter.php(507): CodeIgniter\CodeIgniter->runController(Object(App\Controllers\Materials))
11 SYSTEMPATH\CodeIgniter.php(354): CodeIgniter\CodeIgniter->handleRequest(null, Object(Config\Cache), false)
12 SYSTEMPATH\Boot.php(363): CodeIgniter\CodeIgniter->run()
13 SYSTEMPATH\Boot.php(68): CodeIgniter\Boot::runCodeIgniter(Object(CodeIgniter\CodeIgniter))
14 FCPATH\index.php(60): CodeIgniter\Boot::bootWeb(Object(Config\Paths))
CRITICAL - 2025-12-11 07:20:30 --> [Caused by] mysqli_sql_exception: Cannot add or update a child row: a foreign key constraint fails (`lms_alcayde`.`materials`, CONSTRAINT `materials_ibfk_1` FOREIGN KEY (`course_id`) REFERENCES `courses` (`id`))
in SYSTEMPATH\Database\MySQLi\Connection.php on line 327.
 1 SYSTEMPATH\Database\MySQLi\Connection.php(327): mysqli->query('INSERT INTO `materials` (`course_id`, `file_name`, `file_path`) VALUES (\'$1\', \'Document (1) (1).docx\', \'C:\\\\xampp\\\\htdocs\\\\ITE311-ALCAYDE\\\\writable\\\\uploads/1765437630_5f543cb633c15d2105b8.docx\')', 0)
 2 SYSTEMPATH\Database\BaseConnection.php(729): CodeIgniter\Database\MySQLi\Connection->execute('INSERT INTO `materials` (`course_id`, `file_name`, `file_path`) VALUES (\'$1\', \'Document (1) (1).docx\', \'C:\\\\xampp\\\\htdocs\\\\ITE311-ALCAYDE\\\\writable\\\\uploads/1765437630_5f543cb633c15d2105b8.docx\')')
 3 SYSTEMPATH\Database\BaseConnection.php(646): CodeIgniter\Database\BaseConnection->simpleQuery('INSERT INTO `materials` (`course_id`, `file_name`, `file_path`) VALUES (\'$1\', \'Document (1) (1).docx\', \'C:\\\\xampp\\\\htdocs\\\\ITE311-ALCAYDE\\\\writable\\\\uploads/1765437630_5f543cb633c15d2105b8.docx\')')
 4 SYSTEMPATH\Database\BaseBuilder.php(2345): CodeIgniter\Database\BaseConnection->query('INSERT INTO `materials` (`course_id`, `file_name`, `file_path`) VALUES (:course_id:, :file_name:, :file_path:)', [...], false)
 5 SYSTEMPATH\Model.php(394): CodeIgniter\Database\BaseBuilder->insert()
 6 SYSTEMPATH\BaseModel.php(838): CodeIgniter\Model->doInsert([...])
 7 SYSTEMPATH\Model.php(797): CodeIgniter\BaseModel->insert([...], true)
 8 APPPATH\Models\MaterialModel.php(16): CodeIgniter\Model->insert([...])
 9 APPPATH\Controllers\Materials.php(30): App\Models\MaterialModel->insertMaterial([...])
10 SYSTEMPATH\CodeIgniter.php(933): App\Controllers\Materials->upload('$1')
11 SYSTEMPATH\CodeIgniter.php(507): CodeIgniter\CodeIgniter->runController(Object(App\Controllers\Materials))
12 SYSTEMPATH\CodeIgniter.php(354): CodeIgniter\CodeIgniter->handleRequest(null, Object(Config\Cache), false)
13 SYSTEMPATH\Boot.php(363): CodeIgniter\CodeIgniter->run()
14 SYSTEMPATH\Boot.php(68): CodeIgniter\Boot::runCodeIgniter(Object(CodeIgniter\CodeIgniter))
15 FCPATH\index.php(60): CodeIgniter\Boot::bootWeb(Object(Config\Paths))
DEBUG - 2025-12-11 07:23:14 --> Session: Class initialized using 'CodeIgniter\Session\Handlers\FileHandler' driver.
INFO - 2025-12-11 07:23:24 --> CSRF token verified.
DEBUG - 2025-12-11 07:23:24 --> Session: Class initialized using 'CodeIgniter\Session\Handlers\FileHandler' driver.
CRITICAL - 2025-12-11 07:23:25 --> ErrorException: Undefined variable $course_id
[Method: POST, Route: teacher/course]
in APPPATH\Controllers\Materials.php on line 36.
 1 APPPATH\Controllers\Materials.php(36): CodeIgniter\Debug\Exceptions->errorHandler(2, 'Undefined variable $course_id', 'C:\\xampp\\htdocs\\ITE311-ALCAYDE\\app\\Controllers\\Materials.php', 36)
 2 SYSTEMPATH\CodeIgniter.php(933): App\Controllers\Materials->upload('$1')
 3 SYSTEMPATH\CodeIgniter.php(507): CodeIgniter\CodeIgniter->runController(Object(App\Controllers\Materials))
 4 SYSTEMPATH\CodeIgniter.php(354): CodeIgniter\CodeIgniter->handleRequest(null, Object(Config\Cache), false)
 5 SYSTEMPATH\Boot.php(363): CodeIgniter\CodeIgniter->run()
 6 SYSTEMPATH\Boot.php(68): CodeIgniter\Boot::runCodeIgniter(Object(CodeIgniter\CodeIgniter))
 7 FCPATH\index.php(60): CodeIgniter\Boot::bootWeb(Object(Config\Paths))
DEBUG - 2025-12-11 07:24:08 --> Session: Class initialized using 'CodeIgniter\Session\Handlers\FileHandler' driver.
DEBUG - 2025-12-11 07:24:12 --> Session: Class initialized using 'CodeIgniter\Session\Handlers\FileHandler' driver.
INFO - 2025-12-11 07:24:20 --> CSRF token verified.
DEBUG - 2025-12-11 07:24:20 --> Session: Class initialized using 'CodeIgniter\Session\Handlers\FileHandler' driver.
DEBUG - 2025-12-11 07:24:20 --> Session: Class initialized using 'CodeIgniter\Session\Handlers\FileHandler' driver.
DEBUG - 2025-12-11 08:26:14 --> Session: Class initialized using 'CodeIgniter\Session\Handlers\FileHandler' driver.
DEBUG - 2025-12-11 08:26:34 --> Session: Class initialized using 'CodeIgniter\Session\Handlers\FileHandler' driver.
DEBUG - 2025-12-11 08:26:47 --> Session: Class initialized using 'CodeIgniter\Session\Handlers\FileHandler' driver.
DEBUG - 2025-12-11 08:26:51 --> Session: Class initialized using 'CodeIgniter\Session\Handlers\FileHandler' driver.
DEBUG - 2025-12-11 08:29:03 --> Session: Class initialized using 'CodeIgniter\Session\Handlers\FileHandler' driver.
DEBUG - 2025-12-11 08:29:04 --> Session: Class initialized using 'CodeIgniter\Session\Handlers\FileHandler' driver.
INFO - 2025-12-11 08:29:16 --> CSRF token verified.
DEBUG - 2025-12-11 08:29:16 --> Session: Class initialized using 'CodeIgniter\Session\Handlers\FileHandler' driver.
DEBUG - 2025-12-11 08:29:17 --> Session: Class initialized using 'CodeIgniter\Session\Handlers\FileHandler' driver.
DEBUG - 2025-12-11 08:29:19 --> Session: Class initialized using 'CodeIgniter\Session\Handlers\FileHandler' driver.
DEBUG - 2025-12-11 08:30:29 --> Session: Class initialized using 'CodeIgniter\Session\Handlers\FileHandler' driver.
INFO - 2025-12-11 08:31:25 --> CSRF token verified.
DEBUG - 2025-12-11 08:31:25 --> Session: Class initialized using 'CodeIgniter\Session\Handlers\FileHandler' driver.
DEBUG - 2025-12-11 08:31:25 --> Session: Class initialized using 'CodeIgniter\Session\Handlers\FileHandler' driver.
